[2023-10-19 23:25:46,910: INFO: main: welcometo our custom log]
[2023-10-19 23:25:54,889: INFO: main: welcometo our custom log]
[2023-10-19 23:26:00,358: INFO: main: welcome to our custom log]
[2023-10-20 22:49:44,351: INFO: main: welcome to our custom log]
[2023-10-21 02:08:33,706: INFO: common: yaml file: config\config.yaml loaded successfully]
[2023-10-21 02:08:33,709: INFO: common: yaml file: params.yaml loaded successfully]
[2023-10-21 02:08:33,711: INFO: common: created directory at: artifacts]
[2023-10-21 02:08:33,714: INFO: common: created directory at: artifacts/data_ingestion]
[2023-10-21 02:08:33,717: INFO: 986331348: Downloading data from https://drive.google.com/file/d/1HkS6T9uEgz7KBa0ZD83fl9-_VmmQeIbo/view?usp=share_link into file artifacts/data_ingestion/data.zip]
[2023-10-21 02:10:24,757: INFO: 986331348: Downloaded data from https://drive.google.com/file/d/1HkS6T9uEgz7KBa0ZD83fl9-_VmmQeIbo/view?usp=share_link into file artifacts/data_ingestion/data.zip]
[2023-10-21 02:34:33,057: INFO: main: >>>>>> stage Data INgestion Stage started <<<<<<]
[2023-10-21 02:34:33,057: INFO: common: yaml file: config\config.yaml loaded successfully]
[2023-10-21 02:34:33,057: INFO: common: yaml file: params.yaml loaded successfully]
[2023-10-21 02:34:33,057: INFO: common: created directory at: artifacts]
[2023-10-21 02:34:33,065: INFO: common: created directory at: artifacts/data_ingestion]
[2023-10-21 02:34:33,066: ERROR: main: name 'DataIngestion' is not defined]
Traceback (most recent call last):
  File "C:\Kidney-Disease-Classification-Deep-Learning-Project1\main.py", line 10, in <module>
    obj.main()
  File "c:\kidney-disease-classification-deep-learning-project1\src\cnnClassifier\pipeline\stage_01_data_ingestion.py", line 14, in main
    data_ingestion = DataIngestion(config=data_ingestion_config)
                     ^^^^^^^^^^^^^
NameError: name 'DataIngestion' is not defined
[2023-10-21 02:35:14,307: INFO: main: >>>>>> stage Data INgestion Stage started <<<<<<]
[2023-10-21 02:35:14,313: INFO: common: yaml file: config\config.yaml loaded successfully]
[2023-10-21 02:35:14,313: INFO: common: yaml file: params.yaml loaded successfully]
[2023-10-21 02:35:14,313: INFO: common: created directory at: artifacts]
[2023-10-21 02:35:14,313: INFO: common: created directory at: artifacts/data_ingestion]
[2023-10-21 02:35:14,313: ERROR: main: cannot access local variable 'data_ingestion' where it is not associated with a value]
Traceback (most recent call last):
  File "c:\Kidney-Disease-Classification-Deep-Learning-Project1\main.py", line 10, in <module>
    obj.main()
  File "c:\kidney-disease-classification-deep-learning-project1\src\cnnClassifier\pipeline\stage_01_data_ingestion.py", line 14, in main
    data_ingestion = data_ingestion(config=data_ingestion_config)
                     ^^^^^^^^^^^^^^
UnboundLocalError: cannot access local variable 'data_ingestion' where it is not associated with a value
[2023-10-21 02:39:19,779: INFO: main: >>>>>> stage Data INgestion Stage started <<<<<<]
[2023-10-21 02:39:19,779: INFO: common: yaml file: config\config.yaml loaded successfully]
[2023-10-21 02:39:19,784: INFO: common: yaml file: params.yaml loaded successfully]
[2023-10-21 02:39:19,785: INFO: common: created directory at: artifacts]
[2023-10-21 02:39:19,785: INFO: common: created directory at: artifacts/data_ingestion]
[2023-10-21 02:39:19,786: INFO: data_ingestion: Downloading data from https://drive.google.com/file/d/1HkS6T9uEgz7KBa0ZD83fl9-_VmmQeIbo/view?usp=share_link into file artifacts/data_ingestion/data.zip]
[2023-10-21 02:45:15,862: INFO: data_ingestion: Downloaded data from https://drive.google.com/file/d/1HkS6T9uEgz7KBa0ZD83fl9-_VmmQeIbo/view?usp=share_link into file artifacts/data_ingestion/data.zip]
[2023-10-21 02:45:18,284: INFO: main: >>>>>> stage Data INgestion Stage completed <<<<<<

x==========x]
[2023-10-21 12:11:18,358: INFO: common: yaml file: config\config.yaml loaded successfully]
[2023-10-21 12:11:18,373: INFO: common: yaml file: params.yaml loaded successfully]
[2023-10-21 12:11:18,381: INFO: common: created directory at: artifacts]
[2023-10-21 12:37:17,773: INFO: common: yaml file: config\config.yaml loaded successfully]
[2023-10-21 12:37:17,777: INFO: common: yaml file: params.yaml loaded successfully]
[2023-10-21 12:37:17,783: INFO: common: created directory at: artifacts]
[2023-10-21 12:38:15,192: INFO: common: yaml file: config\config.yaml loaded successfully]
[2023-10-21 12:38:15,196: INFO: common: yaml file: params.yaml loaded successfully]
[2023-10-21 12:38:15,204: INFO: common: created directory at: artifacts]
[2023-10-21 12:38:15,204: INFO: common: created directory at: artifacts/prepare_base_model]
[2023-10-21 15:12:07,491: INFO: common: yaml file: config\config.yaml loaded successfully]
[2023-10-21 15:12:07,498: INFO: common: yaml file: params.yaml loaded successfully]
[2023-10-21 15:12:07,498: INFO: common: created directory at: artifacts]
[2023-10-21 15:12:07,498: INFO: common: created directory at: artifacts/prepare_base_model]
[2023-10-21 15:13:41,223: INFO: common: yaml file: config\config.yaml loaded successfully]
[2023-10-21 15:13:41,224: INFO: common: yaml file: params.yaml loaded successfully]
[2023-10-21 15:13:41,229: INFO: common: created directory at: artifacts]
[2023-10-21 15:13:41,229: INFO: common: created directory at: artifacts/prepare_base_model]
[2023-10-21 15:20:53,333: INFO: common: yaml file: config\config.yaml loaded successfully]
[2023-10-21 15:20:53,340: INFO: common: yaml file: params.yaml loaded successfully]
[2023-10-21 15:20:53,340: INFO: common: created directory at: artifacts]
[2023-10-21 15:20:53,348: INFO: common: created directory at: artifacts/prepare_base_model]
[2023-10-21 15:21:27,565: WARNING: saving_utils: Compiled the loaded model, but the compiled metrics have yet to be built. `model.compile_metrics` will be empty until you train or evaluate the model.]
[2023-10-21 15:38:23,348: INFO: main: >>>>>> stage Data INgestion Stage started <<<<<<]
[2023-10-21 15:38:23,356: INFO: common: yaml file: config\config.yaml loaded successfully]
[2023-10-21 15:38:23,356: INFO: common: yaml file: params.yaml loaded successfully]
[2023-10-21 15:38:23,356: INFO: common: created directory at: artifacts]
[2023-10-21 15:38:23,356: INFO: common: created directory at: artifacts/data_ingestion]
[2023-10-21 15:38:23,356: INFO: data_ingestion: Downloading data from https://drive.google.com/file/d/1HkS6T9uEgz7KBa0ZD83fl9-_VmmQeIbo/view?usp=share_link into file artifacts/data_ingestion/data.zip]
[2023-10-21 15:40:14,825: INFO: data_ingestion: Downloaded data from https://drive.google.com/file/d/1HkS6T9uEgz7KBa0ZD83fl9-_VmmQeIbo/view?usp=share_link into file artifacts/data_ingestion/data.zip]
[2023-10-21 15:40:18,550: INFO: main: >>>>>> stage Data INgestion Stage completed <<<<<<

x==========x]
[2023-10-21 15:40:18,550: INFO: main: *******************]
[2023-10-21 15:40:18,565: INFO: main: >>>>>> stage Prepare base model started <<<<<<]
[2023-10-21 15:40:18,565: INFO: common: yaml file: config\config.yaml loaded successfully]
[2023-10-21 15:40:18,565: INFO: common: yaml file: params.yaml loaded successfully]
[2023-10-21 15:40:18,565: INFO: common: created directory at: artifacts]
[2023-10-21 15:40:18,573: INFO: common: created directory at: artifacts/prepare_base_model]
[2023-10-21 15:40:19,225: WARNING: saving_utils: Compiled the loaded model, but the compiled metrics have yet to be built. `model.compile_metrics` will be empty until you train or evaluate the model.]
[2023-10-21 15:40:19,808: INFO: main: >>>>>> stage Prepare base model completed <<<<<<

x==========x]
[2023-10-21 16:24:09,728: INFO: common: yaml file: config\config.yaml loaded successfully]
[2023-10-21 16:24:09,739: INFO: common: yaml file: params.yaml loaded successfully]
[2023-10-21 16:24:09,742: INFO: common: created directory at: artifacts]
[2023-10-21 16:24:09,745: INFO: common: created directory at: artifacts\training]
[2023-10-21 16:40:05,743: INFO: main: >>>>>> stage Data INgestion Stage started <<<<<<]
[2023-10-21 16:40:05,743: INFO: common: yaml file: config\config.yaml loaded successfully]
[2023-10-21 16:40:05,743: INFO: common: yaml file: params.yaml loaded successfully]
[2023-10-21 16:40:05,743: INFO: common: created directory at: artifacts]
[2023-10-21 16:40:05,759: INFO: common: created directory at: artifacts/data_ingestion]
[2023-10-21 16:40:05,760: INFO: data_ingestion: Downloading data from https://drive.google.com/file/d/1HkS6T9uEgz7KBa0ZD83fl9-_VmmQeIbo/view?usp=share_link into file artifacts/data_ingestion/data.zip]
[2023-10-21 16:43:09,000: INFO: data_ingestion: Downloaded data from https://drive.google.com/file/d/1HkS6T9uEgz7KBa0ZD83fl9-_VmmQeIbo/view?usp=share_link into file artifacts/data_ingestion/data.zip]
[2023-10-21 16:43:11,463: INFO: main: >>>>>> stage Data INgestion Stage completed <<<<<<

x==========x]
[2023-10-21 16:43:11,463: INFO: main: *******************]
[2023-10-21 16:43:11,463: INFO: main: >>>>>> stage Prepare base model started <<<<<<]
[2023-10-21 16:43:11,463: INFO: common: yaml file: config\config.yaml loaded successfully]
[2023-10-21 16:43:11,463: INFO: common: yaml file: params.yaml loaded successfully]
[2023-10-21 16:43:11,463: INFO: common: created directory at: artifacts]
[2023-10-21 16:43:11,478: INFO: common: created directory at: artifacts/prepare_base_model]
[2023-10-21 16:43:11,968: WARNING: saving_utils: Compiled the loaded model, but the compiled metrics have yet to be built. `model.compile_metrics` will be empty until you train or evaluate the model.]
[2023-10-21 16:43:12,289: INFO: main: >>>>>> stage Prepare base model completed <<<<<<

x==========x]
[2023-10-21 16:43:12,305: INFO: main: *******************]
[2023-10-21 16:43:12,305: INFO: main: >>>>>> stage Training started <<<<<<]
[2023-10-21 16:43:12,305: INFO: common: yaml file: config\config.yaml loaded successfully]
[2023-10-21 16:43:12,305: INFO: common: yaml file: params.yaml loaded successfully]
[2023-10-21 16:43:12,305: INFO: common: created directory at: artifacts]
[2023-10-21 16:43:12,311: INFO: common: created directory at: artifacts\training]
[2023-10-21 16:45:05,434: INFO: main: >>>>>> stage Training completed <<<<<<

x==========x]
[2023-10-21 21:28:09,560: INFO: common: yaml file: config\config.yaml loaded successfully]
[2023-10-21 21:28:09,583: INFO: common: yaml file: params.yaml loaded successfully]
[2023-10-21 21:28:09,587: INFO: common: created directory at: artifacts]
[2023-10-21 21:29:11,060: INFO: common: json file saved at: scores.json]
[2023-10-21 21:29:30,364: WARNING: save: Found untraced functions such as _jit_compiled_convolution_op, _jit_compiled_convolution_op, _jit_compiled_convolution_op, _jit_compiled_convolution_op, _jit_compiled_convolution_op while saving (showing 5 of 14). These functions will not be directly callable after loading.]
[2023-10-21 21:29:32,292: INFO: builder_impl: Assets written to: C:\Users\adity\AppData\Local\Temp\tmphy5uwfu1\model\data\model\assets]
[2023-10-21 22:00:36,895: INFO: main: >>>>>> stage Data INgestion Stage started <<<<<<]
[2023-10-21 22:00:36,895: INFO: common: yaml file: config\config.yaml loaded successfully]
[2023-10-21 22:00:36,910: INFO: common: yaml file: params.yaml loaded successfully]
[2023-10-21 22:00:36,910: INFO: common: created directory at: artifacts]
[2023-10-21 22:00:36,910: INFO: common: created directory at: artifacts/data_ingestion]
[2023-10-21 22:00:36,915: INFO: data_ingestion: Downloading data from https://drive.google.com/file/d/1HkS6T9uEgz7KBa0ZD83fl9-_VmmQeIbo/view?usp=share_link into file artifacts/data_ingestion/data.zip]
[2023-10-21 22:05:45,684: INFO: data_ingestion: Downloaded data from https://drive.google.com/file/d/1HkS6T9uEgz7KBa0ZD83fl9-_VmmQeIbo/view?usp=share_link into file artifacts/data_ingestion/data.zip]
[2023-10-21 22:05:47,863: INFO: main: >>>>>> stage Data INgestion Stage completed <<<<<<

x==========x]
[2023-10-21 22:05:47,863: INFO: main: *******************]
[2023-10-21 22:05:47,863: INFO: main: >>>>>> stage Prepare base model started <<<<<<]
[2023-10-21 22:05:47,878: INFO: common: yaml file: config\config.yaml loaded successfully]
[2023-10-21 22:05:47,878: INFO: common: yaml file: params.yaml loaded successfully]
[2023-10-21 22:05:47,878: INFO: common: created directory at: artifacts]
[2023-10-21 22:05:47,883: INFO: common: created directory at: artifacts/prepare_base_model]
[2023-10-21 22:05:48,409: WARNING: saving_utils: Compiled the loaded model, but the compiled metrics have yet to be built. `model.compile_metrics` will be empty until you train or evaluate the model.]
[2023-10-21 22:05:48,726: INFO: main: >>>>>> stage Prepare base model completed <<<<<<

x==========x]
[2023-10-21 22:05:48,726: INFO: main: *******************]
[2023-10-21 22:05:48,726: INFO: main: >>>>>> stage Training started <<<<<<]
[2023-10-21 22:05:48,726: INFO: common: yaml file: config\config.yaml loaded successfully]
[2023-10-21 22:05:48,726: INFO: common: yaml file: params.yaml loaded successfully]
[2023-10-21 22:05:48,726: INFO: common: created directory at: artifacts]
[2023-10-21 22:05:48,740: INFO: common: created directory at: artifacts\training]
[2023-10-21 22:07:45,050: INFO: main: >>>>>> stage Training completed <<<<<<

x==========x]
[2023-10-21 22:07:45,050: INFO: main: *******************]
[2023-10-21 22:07:45,050: INFO: main: >>>>>> stage Evaluation stage started <<<<<<]
[2023-10-21 22:07:45,050: INFO: common: yaml file: config\config.yaml loaded successfully]
[2023-10-21 22:07:45,050: INFO: common: yaml file: params.yaml loaded successfully]
[2023-10-21 22:07:45,050: INFO: common: created directory at: artifacts]
[2023-10-21 22:08:19,092: INFO: common: json file saved at: scores.json]
[2023-10-21 22:08:19,092: INFO: common: json file saved at: scores.json]
[2023-10-21 22:08:19,092: INFO: main: >>>>>> stage Evaluation stage completed <<<<<<

x==========x]
[2023-10-21 22:13:49,637: INFO: main: >>>>>> stage Data INgestion Stage started <<<<<<]
[2023-10-21 22:13:49,637: INFO: common: yaml file: config\config.yaml loaded successfully]
[2023-10-21 22:13:49,660: INFO: common: yaml file: params.yaml loaded successfully]
[2023-10-21 22:13:49,660: INFO: common: created directory at: artifacts]
[2023-10-21 22:13:49,660: INFO: common: created directory at: artifacts/data_ingestion]
[2023-10-21 22:13:49,660: INFO: data_ingestion: Downloading data from https://drive.google.com/file/d/1HkS6T9uEgz7KBa0ZD83fl9-_VmmQeIbo/view?usp=share_link into file artifacts/data_ingestion/data.zip]
[2023-10-21 22:32:42,413: INFO: data_ingestion: Downloaded data from https://drive.google.com/file/d/1HkS6T9uEgz7KBa0ZD83fl9-_VmmQeIbo/view?usp=share_link into file artifacts/data_ingestion/data.zip]
[2023-10-21 22:32:44,783: INFO: main: >>>>>> stage Data INgestion Stage completed <<<<<<

x==========x]
[2023-10-21 22:32:44,783: INFO: main: *******************]
[2023-10-21 22:32:44,783: INFO: main: >>>>>> stage Prepare base model started <<<<<<]
[2023-10-21 22:32:44,783: INFO: common: yaml file: config\config.yaml loaded successfully]
[2023-10-21 22:32:44,783: INFO: common: yaml file: params.yaml loaded successfully]
[2023-10-21 22:32:44,783: INFO: common: created directory at: artifacts]
[2023-10-21 22:32:44,783: INFO: common: created directory at: artifacts/prepare_base_model]
[2023-10-21 22:32:45,360: WARNING: saving_utils: Compiled the loaded model, but the compiled metrics have yet to be built. `model.compile_metrics` will be empty until you train or evaluate the model.]
[2023-10-21 22:32:45,778: INFO: main: >>>>>> stage Prepare base model completed <<<<<<

x==========x]
[2023-10-21 22:32:45,778: INFO: main: *******************]
[2023-10-21 22:32:45,778: INFO: main: >>>>>> stage Training started <<<<<<]
[2023-10-21 22:32:45,778: INFO: common: yaml file: config\config.yaml loaded successfully]
[2023-10-21 22:32:45,778: INFO: common: yaml file: params.yaml loaded successfully]
[2023-10-21 22:32:45,778: INFO: common: created directory at: artifacts]
[2023-10-21 22:32:45,778: INFO: common: created directory at: artifacts\training]
[2023-10-21 22:41:57,424: INFO: main: >>>>>> stage Training completed <<<<<<

x==========x]
[2023-10-21 22:41:57,424: INFO: main: *******************]
[2023-10-21 22:41:57,424: INFO: main: >>>>>> stage Evaluation stage started <<<<<<]
[2023-10-21 22:41:57,424: INFO: common: yaml file: config\config.yaml loaded successfully]
[2023-10-21 22:41:57,440: INFO: common: yaml file: params.yaml loaded successfully]
[2023-10-21 22:41:57,440: INFO: common: created directory at: artifacts]
[2023-10-21 22:42:31,710: INFO: common: json file saved at: scores.json]
[2023-10-21 22:42:31,710: INFO: common: json file saved at: scores.json]
[2023-10-21 22:42:31,710: INFO: main: >>>>>> stage Evaluation stage completed <<<<<<

x==========x]
